-----------------------------------------------------
Matrix name:     cant/cant.mtx
Matrix size:     62451 x 62451 => 2034917
-----------------------------------------------------
Is matrix:       1
Is sparse:       1
-----------------------------------------------------
Is complex:      0
Is real:         1
Is integer:      0
Is pattern only: 0
-----------------------------------------------------
Is general:      0
Is symmetric:    1
Is skewed:       0
Is hermitian:    0
-----------------------------------------------------
Matrix file name: cant/cant.mtx ... file loaded.
Expanding symmetric matrix ... done
  Total # of non-zeros is 4007383
Vector file name: cant/b.mtx ... file loaded
Calculating COO SpMV ... done
Result file name: out_hybrid/results/result_np1_omp1.mtx ... file saved
Module		Time
Load		0.679133
Vec Bcast	0.000000
Mat Scatter	0.000060
Lock Init	0.000321
COO SpMV	0.027882
Res Reduce	0.000183
Store		0.024201
