-----------------------------------------------------
Matrix name:     cant/cant.mtx
Matrix size:     62451 x 62451 => 2034917
-----------------------------------------------------
Is matrix:       1
Is sparse:       1
-----------------------------------------------------
Is complex:      0
Is real:         1
Is integer:      0
Is pattern only: 0
-----------------------------------------------------
Is general:      0
Is symmetric:    1
Is skewed:       0
Is hermitian:    0
-----------------------------------------------------
Matrix file name: cant/cant.mtx ... file loaded.
Expanding symmetric matrix ... done
  Total # of non-zeros is 4007383
Vector file name: cant/b.mtx ... file loaded
Calculating COO SpMV ... done
Calculating COO SpMV ... done
Calculating COO SpMV ... done
Calculating COO SpMV ... done
Result file name: out_hybrid/results/result_np4_omp2.mtx ... file saved
Module		Time
Load		0.654115
Vec Bcast	0.000490
Mat Scatter	0.015070
Lock Init	0.000317
COO SpMV	0.014893
Res Reduce	0.000769
Store		0.023694
