BEGIN MATRIX method=integration variant=atomic threads=16 runs=20 steps_list=[100000 1000000 10000000 100000000]
BEGIN BLOCK steps=100000
The first 10 digits of Pi are 3.1415926535
Time to calculate Pi serially with 100000 steps is: 0.000363988
Pi is 3.1415926645
Time to calculate Pi in // with 100000 steps is: 0.0132504
Pi is 3.1415926645
Time to calculate Pi in // with 100000 guesses is: 0.000169982
Pi is 3.1414800000
The first 10 digits of Pi are 3.1415926535
Time to calculate Pi serially with 100000 steps is: 0.000511235
Pi is 3.1415926645
Time to calculate Pi in // with 100000 steps is: 0.0121588
Pi is 3.1415926645
Time to calculate Pi in // with 100000 guesses is: 0.000123158
Pi is 3.1426000000
The first 10 digits of Pi are 3.1415926535
Time to calculate Pi serially with 100000 steps is: 0.000518607
Pi is 3.1415926645
Time to calculate Pi in // with 100000 steps is: 0.0128488
Pi is 3.1415926645
Time to calculate Pi in // with 100000 guesses is: 0.000115082
Pi is 3.1416800000
The first 10 digits of Pi are 3.1415926535
Time to calculate Pi serially with 100000 steps is: 0.000511483
Pi is 3.1415926645
Time to calculate Pi in // with 100000 steps is: 0.0130515
Pi is 3.1415926645
Time to calculate Pi in // with 100000 guesses is: 0.000128206
Pi is 3.1372400000
The first 10 digits of Pi are 3.1415926535
Time to calculate Pi serially with 100000 steps is: 0.000501509
Pi is 3.1415926645
Time to calculate Pi in // with 100000 steps is: 0.0125211
Pi is 3.1415926645
Time to calculate Pi in // with 100000 guesses is: 0.000115973
Pi is 3.1420000000
The first 10 digits of Pi are 3.1415926535
Time to calculate Pi serially with 100000 steps is: 0.000520986
Pi is 3.1415926645
Time to calculate Pi in // with 100000 steps is: 0.0109733
Pi is 3.1415926645
Time to calculate Pi in // with 100000 guesses is: 0.000121278
Pi is 3.1441200000
The first 10 digits of Pi are 3.1415926535
Time to calculate Pi serially with 100000 steps is: 0.000502352
Pi is 3.1415926645
Time to calculate Pi in // with 100000 steps is: 0.0128717
Pi is 3.1415926645
Time to calculate Pi in // with 100000 guesses is: 0.000118588
Pi is 3.1484000000
The first 10 digits of Pi are 3.1415926535
Time to calculate Pi serially with 100000 steps is: 0.000502198
Pi is 3.1415926645
Time to calculate Pi in // with 100000 steps is: 0.0116512
Pi is 3.1415926645
Time to calculate Pi in // with 100000 guesses is: 0.000132866
Pi is 3.1420800000
The first 10 digits of Pi are 3.1415926535
Time to calculate Pi serially with 100000 steps is: 0.000517877
Pi is 3.1415926645
Time to calculate Pi in // with 100000 steps is: 0.0127759
Pi is 3.1415926645
Time to calculate Pi in // with 100000 guesses is: 0.000129289
Pi is 3.1367600000
The first 10 digits of Pi are 3.1415926535
Time to calculate Pi serially with 100000 steps is: 0.000501457
Pi is 3.1415926645
Time to calculate Pi in // with 100000 steps is: 0.0109553
Pi is 3.1415926645
Time to calculate Pi in // with 100000 guesses is: 0.000137815
Pi is 3.1435600000
The first 10 digits of Pi are 3.1415926535
Time to calculate Pi serially with 100000 steps is: 0.000500724
Pi is 3.1415926645
Time to calculate Pi in // with 100000 steps is: 0.0101225
Pi is 3.1415926645
Time to calculate Pi in // with 100000 guesses is: 0.000124259
Pi is 3.1421600000
The first 10 digits of Pi are 3.1415926535
Time to calculate Pi serially with 100000 steps is: 0.000513167
Pi is 3.1415926645
Time to calculate Pi in // with 100000 steps is: 0.0101634
Pi is 3.1415926645
Time to calculate Pi in // with 100000 guesses is: 0.000317089
Pi is 3.1414800000
The first 10 digits of Pi are 3.1415926535
Time to calculate Pi serially with 100000 steps is: 0.000501516
Pi is 3.1415926645
Time to calculate Pi in // with 100000 steps is: 0.012211
Pi is 3.1415926645
Time to calculate Pi in // with 100000 guesses is: 0.000139465
Pi is 3.1385200000
The first 10 digits of Pi are 3.1415926535
Time to calculate Pi serially with 100000 steps is: 0.000501488
Pi is 3.1415926645
Time to calculate Pi in // with 100000 steps is: 0.011161
Pi is 3.1415926645
Time to calculate Pi in // with 100000 guesses is: 0.000177278
Pi is 3.1523200000
The first 10 digits of Pi are 3.1415926535
Time to calculate Pi serially with 100000 steps is: 0.000501494
Pi is 3.1415926645
Time to calculate Pi in // with 100000 steps is: 0.0132534
Pi is 3.1415926645
Time to calculate Pi in // with 100000 guesses is: 0.000143374
Pi is 3.1414800000
The first 10 digits of Pi are 3.1415926535
Time to calculate Pi serially with 100000 steps is: 0.000513055
Pi is 3.1415926645
Time to calculate Pi in // with 100000 steps is: 0.010461
Pi is 3.1415926645
Time to calculate Pi in // with 100000 guesses is: 0.000148824
Pi is 3.1334400000
The first 10 digits of Pi are 3.1415926535
Time to calculate Pi serially with 100000 steps is: 0.000512466
Pi is 3.1415926645
Time to calculate Pi in // with 100000 steps is: 0.0127008
Pi is 3.1415926645
Time to calculate Pi in // with 100000 guesses is: 0.000137461
Pi is 3.1390000000
The first 10 digits of Pi are 3.1415926535
Time to calculate Pi serially with 100000 steps is: 0.000501604
Pi is 3.1415926645
Time to calculate Pi in // with 100000 steps is: 0.0130824
Pi is 3.1415926645
Time to calculate Pi in // with 100000 guesses is: 0.000136051
Pi is 3.1405200000
The first 10 digits of Pi are 3.1415926535
Time to calculate Pi serially with 100000 steps is: 0.000521702
Pi is 3.1415926645
Time to calculate Pi in // with 100000 steps is: 0.0132997
Pi is 3.1415926645
Time to calculate Pi in // with 100000 guesses is: 0.000146059
Pi is 3.1432800000
The first 10 digits of Pi are 3.1415926535
Time to calculate Pi serially with 100000 steps is: 0.000514522
Pi is 3.1415926645
Time to calculate Pi in // with 100000 steps is: 0.0122181
Pi is 3.1415926645
Time to calculate Pi in // with 100000 guesses is: 0.000128307
Pi is 3.1458000000
END BLOCK steps=100000
BEGIN BLOCK steps=1000000
The first 10 digits of Pi are 3.1415926535
Time to calculate Pi serially with 1000000 steps is: 0.00355608
Pi is 3.1415926539
Time to calculate Pi in // with 1000000 steps is: 0.116772
Pi is 3.1415926539
Time to calculate Pi in // with 1000000 guesses is: 0.00130496
Pi is 3.1374480000
The first 10 digits of Pi are 3.1415926535
Time to calculate Pi serially with 1000000 steps is: 0.00357119
Pi is 3.1415926539
Time to calculate Pi in // with 1000000 steps is: 0.0981249
Pi is 3.1415926539
Time to calculate Pi in // with 1000000 guesses is: 0.0011628
Pi is 3.1434400000
The first 10 digits of Pi are 3.1415926535
Time to calculate Pi serially with 1000000 steps is: 0.00316453
Pi is 3.1415926539
Time to calculate Pi in // with 1000000 steps is: 0.129511
Pi is 3.1415926539
Time to calculate Pi in // with 1000000 guesses is: 0.00127946
Pi is 3.1413120000
The first 10 digits of Pi are 3.1415926535
Time to calculate Pi serially with 1000000 steps is: 0.00331467
Pi is 3.1415926539
Time to calculate Pi in // with 1000000 steps is: 0.0993494
Pi is 3.1415926539
Time to calculate Pi in // with 1000000 guesses is: 0.00123701
Pi is 3.1411400000
The first 10 digits of Pi are 3.1415926535
Time to calculate Pi serially with 1000000 steps is: 0.00333343
Pi is 3.1415926539
Time to calculate Pi in // with 1000000 steps is: 0.105466
Pi is 3.1415926539
Time to calculate Pi in // with 1000000 guesses is: 0.00141133
Pi is 3.1414480000
The first 10 digits of Pi are 3.1415926535
Time to calculate Pi serially with 1000000 steps is: 0.00320184
Pi is 3.1415926539
Time to calculate Pi in // with 1000000 steps is: 0.116894
Pi is 3.1415926539
Time to calculate Pi in // with 1000000 guesses is: 0.00112745
Pi is 3.1411360000
The first 10 digits of Pi are 3.1415926535
Time to calculate Pi serially with 1000000 steps is: 0.00349406
Pi is 3.1415926539
Time to calculate Pi in // with 1000000 steps is: 0.127365
Pi is 3.1415926539
Time to calculate Pi in // with 1000000 guesses is: 0.00114862
Pi is 3.1403240000
The first 10 digits of Pi are 3.1415926535
Time to calculate Pi serially with 1000000 steps is: 0.00336026
Pi is 3.1415926539
Time to calculate Pi in // with 1000000 steps is: 0.119071
Pi is 3.1415926539
Time to calculate Pi in // with 1000000 guesses is: 0.00129578
Pi is 3.1399200000
The first 10 digits of Pi are 3.1415926535
Time to calculate Pi serially with 1000000 steps is: 0.00319089
Pi is 3.1415926539
Time to calculate Pi in // with 1000000 steps is: 0.130923
Pi is 3.1415926539
Time to calculate Pi in // with 1000000 guesses is: 0.0011933
Pi is 3.1410080000
The first 10 digits of Pi are 3.1415926535
Time to calculate Pi serially with 1000000 steps is: 0.00330554
Pi is 3.1415926539
Time to calculate Pi in // with 1000000 steps is: 0.119482
Pi is 3.1415926539
Time to calculate Pi in // with 1000000 guesses is: 0.00134238
Pi is 3.1402840000
The first 10 digits of Pi are 3.1415926535
Time to calculate Pi serially with 1000000 steps is: 0.00346813
Pi is 3.1415926539
Time to calculate Pi in // with 1000000 steps is: 0.100075
Pi is 3.1415926539
Time to calculate Pi in // with 1000000 guesses is: 0.00118903
Pi is 3.1414680000
The first 10 digits of Pi are 3.1415926535
Time to calculate Pi serially with 1000000 steps is: 0.00332955
Pi is 3.1415926539
Time to calculate Pi in // with 1000000 steps is: 0.125607
Pi is 3.1415926539
Time to calculate Pi in // with 1000000 guesses is: 0.00115076
Pi is 3.1412120000
The first 10 digits of Pi are 3.1415926535
Time to calculate Pi serially with 1000000 steps is: 0.0032361
Pi is 3.1415926539
Time to calculate Pi in // with 1000000 steps is: 0.128405
Pi is 3.1415926539
Time to calculate Pi in // with 1000000 guesses is: 0.00117801
Pi is 3.1436480000
The first 10 digits of Pi are 3.1415926535
Time to calculate Pi serially with 1000000 steps is: 0.00346014
Pi is 3.1415926539
Time to calculate Pi in // with 1000000 steps is: 0.113899
Pi is 3.1415926539
Time to calculate Pi in // with 1000000 guesses is: 0.00131511
Pi is 3.1377200000
The first 10 digits of Pi are 3.1415926535
Time to calculate Pi serially with 1000000 steps is: 0.00303436
Pi is 3.1415926539
Time to calculate Pi in // with 1000000 steps is: 0.115069
Pi is 3.1415926539
Time to calculate Pi in // with 1000000 guesses is: 0.00112623
Pi is 3.1428080000
The first 10 digits of Pi are 3.1415926535
Time to calculate Pi serially with 1000000 steps is: 0.00318166
Pi is 3.1415926539
Time to calculate Pi in // with 1000000 steps is: 0.113551
Pi is 3.1415926539
Time to calculate Pi in // with 1000000 guesses is: 0.00120013
Pi is 3.1403120000
The first 10 digits of Pi are 3.1415926535
Time to calculate Pi serially with 1000000 steps is: 0.00329746
Pi is 3.1415926539
Time to calculate Pi in // with 1000000 steps is: 0.119558
Pi is 3.1415926539
Time to calculate Pi in // with 1000000 guesses is: 0.00108679
Pi is 3.1424800000
The first 10 digits of Pi are 3.1415926535
Time to calculate Pi serially with 1000000 steps is: 0.00357595
Pi is 3.1415926539
Time to calculate Pi in // with 1000000 steps is: 0.116196
Pi is 3.1415926539
Time to calculate Pi in // with 1000000 guesses is: 0.00107887
Pi is 3.1400720000
The first 10 digits of Pi are 3.1415926535
Time to calculate Pi serially with 1000000 steps is: 0.00309989
Pi is 3.1415926539
Time to calculate Pi in // with 1000000 steps is: 0.111726
Pi is 3.1415926539
Time to calculate Pi in // with 1000000 guesses is: 0.0012736
Pi is 3.1413280000
The first 10 digits of Pi are 3.1415926535
Time to calculate Pi serially with 1000000 steps is: 0.00307347
Pi is 3.1415926539
Time to calculate Pi in // with 1000000 steps is: 0.0936244
Pi is 3.1415926539
Time to calculate Pi in // with 1000000 guesses is: 0.00125294
Pi is 3.1433320000
END BLOCK steps=1000000
BEGIN BLOCK steps=10000000
The first 10 digits of Pi are 3.1415926535
Time to calculate Pi serially with 10000000 steps is: 0.0297058
Pi is 3.1415926536
Time to calculate Pi in // with 10000000 steps is: 1.13107
Pi is 3.1415926536
Time to calculate Pi in // with 10000000 guesses is: 0.00824638
Pi is 3.1420228000
The first 10 digits of Pi are 3.1415926535
Time to calculate Pi serially with 10000000 steps is: 0.0298174
Pi is 3.1415926536
Time to calculate Pi in // with 10000000 steps is: 1.02689
Pi is 3.1415926536
Time to calculate Pi in // with 10000000 guesses is: 0.0084236
Pi is 3.1418224000
The first 10 digits of Pi are 3.1415926535
Time to calculate Pi serially with 10000000 steps is: 0.03131
Pi is 3.1415926536
Time to calculate Pi in // with 10000000 steps is: 1.24946
Pi is 3.1415926536
Time to calculate Pi in // with 10000000 guesses is: 0.00928876
Pi is 3.1414352000
The first 10 digits of Pi are 3.1415926535
Time to calculate Pi serially with 10000000 steps is: 0.032073
Pi is 3.1415926536
Time to calculate Pi in // with 10000000 steps is: 1.18887
Pi is 3.1415926536
Time to calculate Pi in // with 10000000 guesses is: 0.00909627
Pi is 3.1413272000
The first 10 digits of Pi are 3.1415926535
Time to calculate Pi serially with 10000000 steps is: 0.0298929
Pi is 3.1415926536
Time to calculate Pi in // with 10000000 steps is: 0.961655
Pi is 3.1415926536
Time to calculate Pi in // with 10000000 guesses is: 0.00939098
Pi is 3.1413740000
The first 10 digits of Pi are 3.1415926535
Time to calculate Pi serially with 10000000 steps is: 0.031498
Pi is 3.1415926536
Time to calculate Pi in // with 10000000 steps is: 1.16873
Pi is 3.1415926536
Time to calculate Pi in // with 10000000 guesses is: 0.00957281
Pi is 3.1416216000
The first 10 digits of Pi are 3.1415926535
Time to calculate Pi serially with 10000000 steps is: 0.0306358
Pi is 3.1415926536
Time to calculate Pi in // with 10000000 steps is: 1.16678
Pi is 3.1415926536
Time to calculate Pi in // with 10000000 guesses is: 0.0095146
Pi is 3.1412492000
The first 10 digits of Pi are 3.1415926535
Time to calculate Pi serially with 10000000 steps is: 0.0295167
Pi is 3.1415926536
Time to calculate Pi in // with 10000000 steps is: 1.15154
Pi is 3.1415926536
Time to calculate Pi in // with 10000000 guesses is: 0.0092655
Pi is 3.1415800000
The first 10 digits of Pi are 3.1415926535
Time to calculate Pi serially with 10000000 steps is: 0.0295229
Pi is 3.1415926536
Time to calculate Pi in // with 10000000 steps is: 1.13544
Pi is 3.1415926536
Time to calculate Pi in // with 10000000 guesses is: 0.00929357
Pi is 3.1415500000
The first 10 digits of Pi are 3.1415926535
Time to calculate Pi serially with 10000000 steps is: 0.0302686
Pi is 3.1415926536
Time to calculate Pi in // with 10000000 steps is: 1.21673
Pi is 3.1415926536
Time to calculate Pi in // with 10000000 guesses is: 0.00907072
Pi is 3.1411364000
The first 10 digits of Pi are 3.1415926535
Time to calculate Pi serially with 10000000 steps is: 0.0303328
Pi is 3.1415926536
Time to calculate Pi in // with 10000000 steps is: 1.21256
Pi is 3.1415926536
Time to calculate Pi in // with 10000000 guesses is: 0.00854296
Pi is 3.1424536000
The first 10 digits of Pi are 3.1415926535
Time to calculate Pi serially with 10000000 steps is: 0.0296414
Pi is 3.1415926536
Time to calculate Pi in // with 10000000 steps is: 1.0413
Pi is 3.1415926536
Time to calculate Pi in // with 10000000 guesses is: 0.00893916
Pi is 3.1408092000
The first 10 digits of Pi are 3.1415926535
Time to calculate Pi serially with 10000000 steps is: 0.0294459
Pi is 3.1415926536
Time to calculate Pi in // with 10000000 steps is: 1.20005
Pi is 3.1415926536
Time to calculate Pi in // with 10000000 guesses is: 0.00922261
Pi is 3.1411776000
The first 10 digits of Pi are 3.1415926535
Time to calculate Pi serially with 10000000 steps is: 0.0297584
Pi is 3.1415926536
Time to calculate Pi in // with 10000000 steps is: 1.13564
Pi is 3.1415926536
Time to calculate Pi in // with 10000000 guesses is: 0.00891909
Pi is 3.1408736000
The first 10 digits of Pi are 3.1415926535
Time to calculate Pi serially with 10000000 steps is: 0.0297284
Pi is 3.1415926536
Time to calculate Pi in // with 10000000 steps is: 1.14287
Pi is 3.1415926536
Time to calculate Pi in // with 10000000 guesses is: 0.00904723
Pi is 3.1418636000
The first 10 digits of Pi are 3.1415926535
Time to calculate Pi serially with 10000000 steps is: 0.0295859
Pi is 3.1415926536
Time to calculate Pi in // with 10000000 steps is: 1.12581
Pi is 3.1415926536
Time to calculate Pi in // with 10000000 guesses is: 0.00884916
Pi is 3.1418276000
The first 10 digits of Pi are 3.1415926535
Time to calculate Pi serially with 10000000 steps is: 0.0296867
Pi is 3.1415926536
Time to calculate Pi in // with 10000000 steps is: 1.24262
Pi is 3.1415926536
Time to calculate Pi in // with 10000000 guesses is: 0.00901208
Pi is 3.1415992000
The first 10 digits of Pi are 3.1415926535
Time to calculate Pi serially with 10000000 steps is: 0.0297443
Pi is 3.1415926536
Time to calculate Pi in // with 10000000 steps is: 1.14779
Pi is 3.1415926536
Time to calculate Pi in // with 10000000 guesses is: 0.00894776
Pi is 3.1412824000
The first 10 digits of Pi are 3.1415926535
Time to calculate Pi serially with 10000000 steps is: 0.0295664
Pi is 3.1415926536
Time to calculate Pi in // with 10000000 steps is: 1.14285
Pi is 3.1415926536
Time to calculate Pi in // with 10000000 guesses is: 0.00823302
Pi is 3.1413004000
The first 10 digits of Pi are 3.1415926535
Time to calculate Pi serially with 10000000 steps is: 0.0298626
Pi is 3.1415926536
Time to calculate Pi in // with 10000000 steps is: 1.08463
Pi is 3.1415926536
Time to calculate Pi in // with 10000000 guesses is: 0.00843349
Pi is 3.1412140000
END BLOCK steps=10000000
BEGIN BLOCK steps=100000000
The first 10 digits of Pi are 3.1415926535
Time to calculate Pi serially with 100000000 steps is: 0.292814
Pi is 3.1415926536
Time to calculate Pi in // with 100000000 steps is: 12.2153
Pi is 3.1415926536
Time to calculate Pi in // with 100000000 guesses is: 0.0842688
Pi is 3.1415398400
The first 10 digits of Pi are 3.1415926535
Time to calculate Pi serially with 100000000 steps is: 0.293443
Pi is 3.1415926536
Time to calculate Pi in // with 100000000 steps is: 11.4131
Pi is 3.1415926536
Time to calculate Pi in // with 100000000 guesses is: 0.0983642
Pi is 3.1415925600
The first 10 digits of Pi are 3.1415926535
Time to calculate Pi serially with 100000000 steps is: 0.292525
Pi is 3.1415926536
Time to calculate Pi in // with 100000000 steps is: 11.4044
Pi is 3.1415926536
Time to calculate Pi in // with 100000000 guesses is: 0.0877206
Pi is 3.1416996000
The first 10 digits of Pi are 3.1415926535
Time to calculate Pi serially with 100000000 steps is: 0.302056
Pi is 3.1415926536
Time to calculate Pi in // with 100000000 steps is: 11.9741
Pi is 3.1415926536
Time to calculate Pi in // with 100000000 guesses is: 0.0785522
Pi is 3.1419168000
The first 10 digits of Pi are 3.1415926535
Time to calculate Pi serially with 100000000 steps is: 0.292669
Pi is 3.1415926536
Time to calculate Pi in // with 100000000 steps is: 11.2346
Pi is 3.1415926536
Time to calculate Pi in // with 100000000 guesses is: 0.0784234
Pi is 3.1416454400
The first 10 digits of Pi are 3.1415926535
Time to calculate Pi serially with 100000000 steps is: 0.293217
Pi is 3.1415926536
Time to calculate Pi in // with 100000000 steps is: 9.32696
Pi is 3.1415926536
Time to calculate Pi in // with 100000000 guesses is: 0.0784525
Pi is 3.1417840800
The first 10 digits of Pi are 3.1415926535
Time to calculate Pi serially with 100000000 steps is: 0.293247
Pi is 3.1415926536
Time to calculate Pi in // with 100000000 steps is: 11.1072
Pi is 3.1415926536
Time to calculate Pi in // with 100000000 guesses is: 0.0790322
Pi is 3.1413039600
The first 10 digits of Pi are 3.1415926535
Time to calculate Pi serially with 100000000 steps is: 0.293656
Pi is 3.1415926536
Time to calculate Pi in // with 100000000 steps is: 8.83759
Pi is 3.1415926536
Time to calculate Pi in // with 100000000 guesses is: 0.0789201
Pi is 3.1413955200
The first 10 digits of Pi are 3.1415926535
Time to calculate Pi serially with 100000000 steps is: 0.293703
Pi is 3.1415926536
Time to calculate Pi in // with 100000000 steps is: 11.8119
Pi is 3.1415926536
Time to calculate Pi in // with 100000000 guesses is: 0.0788804
Pi is 3.1416627600
The first 10 digits of Pi are 3.1415926535
Time to calculate Pi serially with 100000000 steps is: 0.293427
Pi is 3.1415926536
Time to calculate Pi in // with 100000000 steps is: 11.8482
Pi is 3.1415926536
Time to calculate Pi in // with 100000000 guesses is: 0.0794981
Pi is 3.1418144800
The first 10 digits of Pi are 3.1415926535
Time to calculate Pi serially with 100000000 steps is: 0.293532
Pi is 3.1415926536
Time to calculate Pi in // with 100000000 steps is: 10.8377
Pi is 3.1415926536
Time to calculate Pi in // with 100000000 guesses is: 0.0786181
Pi is 3.1415689600
The first 10 digits of Pi are 3.1415926535
Time to calculate Pi serially with 100000000 steps is: 0.292926
Pi is 3.1415926536
Time to calculate Pi in // with 100000000 steps is: 10.8035
Pi is 3.1415926536
Time to calculate Pi in // with 100000000 guesses is: 0.0786476
Pi is 3.1418148800
The first 10 digits of Pi are 3.1415926535
Time to calculate Pi serially with 100000000 steps is: 0.292971
Pi is 3.1415926536
Time to calculate Pi in // with 100000000 steps is: 10.791
Pi is 3.1415926536
Time to calculate Pi in // with 100000000 guesses is: 0.0890611
Pi is 3.1416698000
The first 10 digits of Pi are 3.1415926535
Time to calculate Pi serially with 100000000 steps is: 0.305681
Pi is 3.1415926536
Time to calculate Pi in // with 100000000 steps is: 9.25551
Pi is 3.1415926536
Time to calculate Pi in // with 100000000 guesses is: 0.0870222
Pi is 3.1416270000
The first 10 digits of Pi are 3.1415926535
Time to calculate Pi serially with 100000000 steps is: 0.297149
Pi is 3.1415926536
Time to calculate Pi in // with 100000000 steps is: 12.6103
Pi is 3.1415926536
Time to calculate Pi in // with 100000000 guesses is: 0.0891356
Pi is 3.1413080000
The first 10 digits of Pi are 3.1415926535
Time to calculate Pi serially with 100000000 steps is: 0.315372
Pi is 3.1415926536
Time to calculate Pi in // with 100000000 steps is: 11.8883
Pi is 3.1415926536
Time to calculate Pi in // with 100000000 guesses is: 0.0867476
Pi is 3.1414786400
The first 10 digits of Pi are 3.1415926535
Time to calculate Pi serially with 100000000 steps is: 0.306331
Pi is 3.1415926536
Time to calculate Pi in // with 100000000 steps is: 11.7747
Pi is 3.1415926536
Time to calculate Pi in // with 100000000 guesses is: 0.0907599
Pi is 3.1418528000
The first 10 digits of Pi are 3.1415926535
Time to calculate Pi serially with 100000000 steps is: 0.313917
Pi is 3.1415926536
Time to calculate Pi in // with 100000000 steps is: 10.4193
Pi is 3.1415926536
Time to calculate Pi in // with 100000000 guesses is: 0.0830785
Pi is 3.1415752400
The first 10 digits of Pi are 3.1415926535
Time to calculate Pi serially with 100000000 steps is: 0.292571
Pi is 3.1415926536
Time to calculate Pi in // with 100000000 steps is: 11.2759
Pi is 3.1415926536
Time to calculate Pi in // with 100000000 guesses is: 0.0787118
Pi is 3.1417092000
The first 10 digits of Pi are 3.1415926535
Time to calculate Pi serially with 100000000 steps is: 0.292639
Pi is 3.1415926536
Time to calculate Pi in // with 100000000 steps is: 12.0795
Pi is 3.1415926536
Time to calculate Pi in // with 100000000 guesses is: 0.0788764
Pi is 3.1416007600
END BLOCK steps=100000000
END MATRIX
