BEGIN MATRIX method=integration variant=critical threads=2 runs=20 steps_list=[100000 1000000 10000000 100000000]
BEGIN BLOCK steps=100000
The first 10 digits of Pi are 3.1415926535
Time to calculate Pi serially with 100000 steps is: 0.000382338
Pi is 3.1415926645
Time to calculate Pi in // with 100000 steps is: 0.00695228
Pi is 3.1415926645
Time to calculate Pi in // with 100000 guesses is: 0.000771588
Pi is 3.1371200000
The first 10 digits of Pi are 3.1415926535
Time to calculate Pi serially with 100000 steps is: 0.000364006
Pi is 3.1415926645
Time to calculate Pi in // with 100000 steps is: 0.00677424
Pi is 3.1415926645
Time to calculate Pi in // with 100000 guesses is: 0.000734262
Pi is 3.1369600000
The first 10 digits of Pi are 3.1415926535
Time to calculate Pi serially with 100000 steps is: 0.000387119
Pi is 3.1415926645
Time to calculate Pi in // with 100000 steps is: 0.00666386
Pi is 3.1415926645
Time to calculate Pi in // with 100000 guesses is: 0.000784186
Pi is 3.1415600000
The first 10 digits of Pi are 3.1415926535
Time to calculate Pi serially with 100000 steps is: 0.000364504
Pi is 3.1415926645
Time to calculate Pi in // with 100000 steps is: 0.00659642
Pi is 3.1415926645
Time to calculate Pi in // with 100000 guesses is: 0.000770815
Pi is 3.1442800000
The first 10 digits of Pi are 3.1415926535
Time to calculate Pi serially with 100000 steps is: 0.000364006
Pi is 3.1415926645
Time to calculate Pi in // with 100000 steps is: 0.0064722
Pi is 3.1415926645
Time to calculate Pi in // with 100000 guesses is: 0.00063358
Pi is 3.1348800000
The first 10 digits of Pi are 3.1415926535
Time to calculate Pi serially with 100000 steps is: 0.000319453
Pi is 3.1415926645
Time to calculate Pi in // with 100000 steps is: 0.00672341
Pi is 3.1415926645
Time to calculate Pi in // with 100000 guesses is: 0.000722158
Pi is 3.1433200000
The first 10 digits of Pi are 3.1415926535
Time to calculate Pi serially with 100000 steps is: 0.000306029
Pi is 3.1415926645
Time to calculate Pi in // with 100000 steps is: 0.00682337
Pi is 3.1415926645
Time to calculate Pi in // with 100000 guesses is: 0.000721449
Pi is 3.1396800000
The first 10 digits of Pi are 3.1415926535
Time to calculate Pi serially with 100000 steps is: 0.000382418
Pi is 3.1415926645
Time to calculate Pi in // with 100000 steps is: 0.00711089
Pi is 3.1415926645
Time to calculate Pi in // with 100000 guesses is: 0.000726506
Pi is 3.1464400000
The first 10 digits of Pi are 3.1415926535
Time to calculate Pi serially with 100000 steps is: 0.000306129
Pi is 3.1415926645
Time to calculate Pi in // with 100000 steps is: 0.0069429
Pi is 3.1415926645
Time to calculate Pi in // with 100000 guesses is: 0.000723241
Pi is 3.1435200000
The first 10 digits of Pi are 3.1415926535
Time to calculate Pi serially with 100000 steps is: 0.000393447
Pi is 3.1415926645
Time to calculate Pi in // with 100000 steps is: 0.0065682
Pi is 3.1415926645
Time to calculate Pi in // with 100000 guesses is: 0.000773861
Pi is 3.1460000000
The first 10 digits of Pi are 3.1415926535
Time to calculate Pi serially with 100000 steps is: 0.000396563
Pi is 3.1415926645
Time to calculate Pi in // with 100000 steps is: 0.00661674
Pi is 3.1415926645
Time to calculate Pi in // with 100000 guesses is: 0.000788939
Pi is 3.1368400000
The first 10 digits of Pi are 3.1415926535
Time to calculate Pi serially with 100000 steps is: 0.000370015
Pi is 3.1415926645
Time to calculate Pi in // with 100000 steps is: 0.00614276
Pi is 3.1415926645
Time to calculate Pi in // with 100000 guesses is: 0.00078365
Pi is 3.1506000000
The first 10 digits of Pi are 3.1415926535
Time to calculate Pi serially with 100000 steps is: 0.000369915
Pi is 3.1415926645
Time to calculate Pi in // with 100000 steps is: 0.0068482
Pi is 3.1415926645
Time to calculate Pi in // with 100000 guesses is: 0.000769204
Pi is 3.1452800000
The first 10 digits of Pi are 3.1415926535
Time to calculate Pi serially with 100000 steps is: 0.000389881
Pi is 3.1415926645
Time to calculate Pi in // with 100000 steps is: 0.00688836
Pi is 3.1415926645
Time to calculate Pi in // with 100000 guesses is: 0.00077833
Pi is 3.1457600000
The first 10 digits of Pi are 3.1415926535
Time to calculate Pi serially with 100000 steps is: 0.000381435
Pi is 3.1415926645
Time to calculate Pi in // with 100000 steps is: 0.0065931
Pi is 3.1415926645
Time to calculate Pi in // with 100000 guesses is: 0.00077406
Pi is 3.1366000000
The first 10 digits of Pi are 3.1415926535
Time to calculate Pi serially with 100000 steps is: 0.000383349
Pi is 3.1415926645
Time to calculate Pi in // with 100000 steps is: 0.00635525
Pi is 3.1415926645
Time to calculate Pi in // with 100000 guesses is: 0.000774001
Pi is 3.1316800000
The first 10 digits of Pi are 3.1415926535
Time to calculate Pi serially with 100000 steps is: 0.000366869
Pi is 3.1415926645
Time to calculate Pi in // with 100000 steps is: 0.00687517
Pi is 3.1415926645
Time to calculate Pi in // with 100000 guesses is: 0.000774962
Pi is 3.1408800000
The first 10 digits of Pi are 3.1415926535
Time to calculate Pi serially with 100000 steps is: 0.000366889
Pi is 3.1415926645
Time to calculate Pi in // with 100000 steps is: 0.00651203
Pi is 3.1415926645
Time to calculate Pi in // with 100000 guesses is: 0.000766558
Pi is 3.1409600000
The first 10 digits of Pi are 3.1415926535
Time to calculate Pi serially with 100000 steps is: 0.000395212
Pi is 3.1415926645
Time to calculate Pi in // with 100000 steps is: 0.00650927
Pi is 3.1415926645
Time to calculate Pi in // with 100000 guesses is: 0.000712121
Pi is 3.1523600000
The first 10 digits of Pi are 3.1415926535
Time to calculate Pi serially with 100000 steps is: 0.000392797
Pi is 3.1415926645
Time to calculate Pi in // with 100000 steps is: 0.00701546
Pi is 3.1415926645
Time to calculate Pi in // with 100000 guesses is: 0.00073947
Pi is 3.1433600000
END BLOCK steps=100000
BEGIN BLOCK steps=1000000
The first 10 digits of Pi are 3.1415926535
Time to calculate Pi serially with 1000000 steps is: 0.00328724
Pi is 3.1415926539
Time to calculate Pi in // with 1000000 steps is: 0.0656954
Pi is 3.1415926539
Time to calculate Pi in // with 1000000 guesses is: 0.0065882
Pi is 3.1390440000
The first 10 digits of Pi are 3.1415926535
Time to calculate Pi serially with 1000000 steps is: 0.00317222
Pi is 3.1415926539
Time to calculate Pi in // with 1000000 steps is: 0.0642865
Pi is 3.1415926539
Time to calculate Pi in // with 1000000 guesses is: 0.00681399
Pi is 3.1447920000
The first 10 digits of Pi are 3.1415926535
Time to calculate Pi serially with 1000000 steps is: 0.00327389
Pi is 3.1415926539
Time to calculate Pi in // with 1000000 steps is: 0.067869
Pi is 3.1415926539
Time to calculate Pi in // with 1000000 guesses is: 0.00675036
Pi is 3.1417400000
The first 10 digits of Pi are 3.1415926535
Time to calculate Pi serially with 1000000 steps is: 0.00326722
Pi is 3.1415926539
Time to calculate Pi in // with 1000000 steps is: 0.0696592
Pi is 3.1415926539
Time to calculate Pi in // with 1000000 guesses is: 0.00688806
Pi is 3.1450960000
The first 10 digits of Pi are 3.1415926535
Time to calculate Pi serially with 1000000 steps is: 0.00327534
Pi is 3.1415926539
Time to calculate Pi in // with 1000000 steps is: 0.0676195
Pi is 3.1415926539
Time to calculate Pi in // with 1000000 guesses is: 0.00663848
Pi is 3.1387760000
The first 10 digits of Pi are 3.1415926535
Time to calculate Pi serially with 1000000 steps is: 0.00319798
Pi is 3.1415926539
Time to calculate Pi in // with 1000000 steps is: 0.0689122
Pi is 3.1415926539
Time to calculate Pi in // with 1000000 guesses is: 0.00679937
Pi is 3.1402440000
The first 10 digits of Pi are 3.1415926535
Time to calculate Pi serially with 1000000 steps is: 0.00318519
Pi is 3.1415926539
Time to calculate Pi in // with 1000000 steps is: 0.0667566
Pi is 3.1415926539
Time to calculate Pi in // with 1000000 guesses is: 0.00673494
Pi is 3.1429400000
The first 10 digits of Pi are 3.1415926535
Time to calculate Pi serially with 1000000 steps is: 0.00327645
Pi is 3.1415926539
Time to calculate Pi in // with 1000000 steps is: 0.0638497
Pi is 3.1415926539
Time to calculate Pi in // with 1000000 guesses is: 0.00676505
Pi is 3.1375720000
The first 10 digits of Pi are 3.1415926535
Time to calculate Pi serially with 1000000 steps is: 0.00329307
Pi is 3.1415926539
Time to calculate Pi in // with 1000000 steps is: 0.0635181
Pi is 3.1415926539
Time to calculate Pi in // with 1000000 guesses is: 0.0067143
Pi is 3.1412720000
The first 10 digits of Pi are 3.1415926535
Time to calculate Pi serially with 1000000 steps is: 0.00324185
Pi is 3.1415926539
Time to calculate Pi in // with 1000000 steps is: 0.068443
Pi is 3.1415926539
Time to calculate Pi in // with 1000000 guesses is: 0.00678221
Pi is 3.1410000000
The first 10 digits of Pi are 3.1415926535
Time to calculate Pi serially with 1000000 steps is: 0.00330647
Pi is 3.1415926539
Time to calculate Pi in // with 1000000 steps is: 0.0677429
Pi is 3.1415926539
Time to calculate Pi in // with 1000000 guesses is: 0.00673387
Pi is 3.1412840000
The first 10 digits of Pi are 3.1415926535
Time to calculate Pi serially with 1000000 steps is: 0.00335784
Pi is 3.1415926539
Time to calculate Pi in // with 1000000 steps is: 0.0687063
Pi is 3.1415926539
Time to calculate Pi in // with 1000000 guesses is: 0.00673217
Pi is 3.1389240000
The first 10 digits of Pi are 3.1415926535
Time to calculate Pi serially with 1000000 steps is: 0.00325815
Pi is 3.1415926539
Time to calculate Pi in // with 1000000 steps is: 0.0676248
Pi is 3.1415926539
Time to calculate Pi in // with 1000000 guesses is: 0.00674109
Pi is 3.1407920000
The first 10 digits of Pi are 3.1415926535
Time to calculate Pi serially with 1000000 steps is: 0.00311747
Pi is 3.1415926539
Time to calculate Pi in // with 1000000 steps is: 0.0633147
Pi is 3.1415926539
Time to calculate Pi in // with 1000000 guesses is: 0.00683514
Pi is 3.1417640000
The first 10 digits of Pi are 3.1415926535
Time to calculate Pi serially with 1000000 steps is: 0.00313477
Pi is 3.1415926539
Time to calculate Pi in // with 1000000 steps is: 0.062854
Pi is 3.1415926539
Time to calculate Pi in // with 1000000 guesses is: 0.00687351
Pi is 3.1425680000
The first 10 digits of Pi are 3.1415926535
Time to calculate Pi serially with 1000000 steps is: 0.00319323
Pi is 3.1415926539
Time to calculate Pi in // with 1000000 steps is: 0.068003
Pi is 3.1415926539
Time to calculate Pi in // with 1000000 guesses is: 0.00677112
Pi is 3.1400160000
The first 10 digits of Pi are 3.1415926535
Time to calculate Pi serially with 1000000 steps is: 0.00316591
Pi is 3.1415926539
Time to calculate Pi in // with 1000000 steps is: 0.0675886
Pi is 3.1415926539
Time to calculate Pi in // with 1000000 guesses is: 0.00676078
Pi is 3.1451760000
The first 10 digits of Pi are 3.1415926535
Time to calculate Pi serially with 1000000 steps is: 0.00313592
Pi is 3.1415926539
Time to calculate Pi in // with 1000000 steps is: 0.0668557
Pi is 3.1415926539
Time to calculate Pi in // with 1000000 guesses is: 0.00660759
Pi is 3.1442120000
The first 10 digits of Pi are 3.1415926535
Time to calculate Pi serially with 1000000 steps is: 0.00320741
Pi is 3.1415926539
Time to calculate Pi in // with 1000000 steps is: 0.0665419
Pi is 3.1415926539
Time to calculate Pi in // with 1000000 guesses is: 0.00674272
Pi is 3.1408680000
The first 10 digits of Pi are 3.1415926535
Time to calculate Pi serially with 1000000 steps is: 0.00307681
Pi is 3.1415926539
Time to calculate Pi in // with 1000000 steps is: 0.0673457
Pi is 3.1415926539
Time to calculate Pi in // with 1000000 guesses is: 0.00659155
Pi is 3.1416640000
END BLOCK steps=1000000
BEGIN BLOCK steps=10000000
The first 10 digits of Pi are 3.1415926535
Time to calculate Pi serially with 10000000 steps is: 0.0312593
Pi is 3.1415926536
Time to calculate Pi in // with 10000000 steps is: 0.672323
Pi is 3.1415926536
Time to calculate Pi in // with 10000000 guesses is: 0.0652064
Pi is 3.1420252000
The first 10 digits of Pi are 3.1415926535
Time to calculate Pi serially with 10000000 steps is: 0.0301909
Pi is 3.1415926536
Time to calculate Pi in // with 10000000 steps is: 0.676238
Pi is 3.1415926536
Time to calculate Pi in // with 10000000 guesses is: 0.0665998
Pi is 3.1409580000
The first 10 digits of Pi are 3.1415926535
Time to calculate Pi serially with 10000000 steps is: 0.0320209
Pi is 3.1415926536
Time to calculate Pi in // with 10000000 steps is: 0.691669
Pi is 3.1415926536
Time to calculate Pi in // with 10000000 guesses is: 0.0667784
Pi is 3.1424532000
The first 10 digits of Pi are 3.1415926535
Time to calculate Pi serially with 10000000 steps is: 0.0309025
Pi is 3.1415926536
Time to calculate Pi in // with 10000000 steps is: 0.657905
Pi is 3.1415926536
Time to calculate Pi in // with 10000000 guesses is: 0.0674376
Pi is 3.1419228000
The first 10 digits of Pi are 3.1415926535
Time to calculate Pi serially with 10000000 steps is: 0.031254
Pi is 3.1415926536
Time to calculate Pi in // with 10000000 steps is: 0.69532
Pi is 3.1415926536
Time to calculate Pi in // with 10000000 guesses is: 0.0672723
Pi is 3.1411932000
The first 10 digits of Pi are 3.1415926535
Time to calculate Pi serially with 10000000 steps is: 0.0307257
Pi is 3.1415926536
Time to calculate Pi in // with 10000000 steps is: 0.667265
Pi is 3.1415926536
Time to calculate Pi in // with 10000000 guesses is: 0.0672158
Pi is 3.1415388000
The first 10 digits of Pi are 3.1415926535
Time to calculate Pi serially with 10000000 steps is: 0.0311478
Pi is 3.1415926536
Time to calculate Pi in // with 10000000 steps is: 0.706828
Pi is 3.1415926536
Time to calculate Pi in // with 10000000 guesses is: 0.0678229
Pi is 3.1411236000
The first 10 digits of Pi are 3.1415926535
Time to calculate Pi serially with 10000000 steps is: 0.031282
Pi is 3.1415926536
Time to calculate Pi in // with 10000000 steps is: 0.687095
Pi is 3.1415926536
Time to calculate Pi in // with 10000000 guesses is: 0.0674966
Pi is 3.1418664000
The first 10 digits of Pi are 3.1415926535
Time to calculate Pi serially with 10000000 steps is: 0.0312111
Pi is 3.1415926536
Time to calculate Pi in // with 10000000 steps is: 0.703691
Pi is 3.1415926536
Time to calculate Pi in // with 10000000 guesses is: 0.0681846
Pi is 3.1406276000
The first 10 digits of Pi are 3.1415926535
Time to calculate Pi serially with 10000000 steps is: 0.0299909
Pi is 3.1415926536
Time to calculate Pi in // with 10000000 steps is: 0.703073
Pi is 3.1415926536
Time to calculate Pi in // with 10000000 guesses is: 0.0679569
Pi is 3.1416052000
The first 10 digits of Pi are 3.1415926535
Time to calculate Pi serially with 10000000 steps is: 0.0316323
Pi is 3.1415926536
Time to calculate Pi in // with 10000000 steps is: 0.713829
Pi is 3.1415926536
Time to calculate Pi in // with 10000000 guesses is: 0.0675391
Pi is 3.1420720000
The first 10 digits of Pi are 3.1415926535
Time to calculate Pi serially with 10000000 steps is: 0.0311914
Pi is 3.1415926536
Time to calculate Pi in // with 10000000 steps is: 0.706329
Pi is 3.1415926536
Time to calculate Pi in // with 10000000 guesses is: 0.0678432
Pi is 3.1412352000
The first 10 digits of Pi are 3.1415926535
Time to calculate Pi serially with 10000000 steps is: 0.0313599
Pi is 3.1415926536
Time to calculate Pi in // with 10000000 steps is: 0.682558
Pi is 3.1415926536
Time to calculate Pi in // with 10000000 guesses is: 0.0659675
Pi is 3.1414576000
The first 10 digits of Pi are 3.1415926535
Time to calculate Pi serially with 10000000 steps is: 0.0311701
Pi is 3.1415926536
Time to calculate Pi in // with 10000000 steps is: 0.71393
Pi is 3.1415926536
Time to calculate Pi in // with 10000000 guesses is: 0.06847
Pi is 3.1417684000
The first 10 digits of Pi are 3.1415926535
Time to calculate Pi serially with 10000000 steps is: 0.030951
Pi is 3.1415926536
Time to calculate Pi in // with 10000000 steps is: 0.696934
Pi is 3.1415926536
Time to calculate Pi in // with 10000000 guesses is: 0.0671619
Pi is 3.1422352000
The first 10 digits of Pi are 3.1415926535
Time to calculate Pi serially with 10000000 steps is: 0.031791
Pi is 3.1415926536
Time to calculate Pi in // with 10000000 steps is: 0.707991
Pi is 3.1415926536
Time to calculate Pi in // with 10000000 guesses is: 0.0684343
Pi is 3.1415164000
The first 10 digits of Pi are 3.1415926535
Time to calculate Pi serially with 10000000 steps is: 0.0320917
Pi is 3.1415926536
Time to calculate Pi in // with 10000000 steps is: 0.697592
Pi is 3.1415926536
Time to calculate Pi in // with 10000000 guesses is: 0.0681738
Pi is 3.1417176000
The first 10 digits of Pi are 3.1415926535
Time to calculate Pi serially with 10000000 steps is: 0.0317394
Pi is 3.1415926536
Time to calculate Pi in // with 10000000 steps is: 0.718564
Pi is 3.1415926536
Time to calculate Pi in // with 10000000 guesses is: 0.0681719
Pi is 3.1415800000
The first 10 digits of Pi are 3.1415926535
Time to calculate Pi serially with 10000000 steps is: 0.0312707
Pi is 3.1415926536
Time to calculate Pi in // with 10000000 steps is: 0.701889
Pi is 3.1415926536
Time to calculate Pi in // with 10000000 guesses is: 0.0671456
Pi is 3.1418208000
The first 10 digits of Pi are 3.1415926535
Time to calculate Pi serially with 10000000 steps is: 0.0318216
Pi is 3.1415926536
Time to calculate Pi in // with 10000000 steps is: 0.707214
Pi is 3.1415926536
Time to calculate Pi in // with 10000000 guesses is: 0.0690321
Pi is 3.1406748000
END BLOCK steps=10000000
BEGIN BLOCK steps=100000000
The first 10 digits of Pi are 3.1415926535
Time to calculate Pi serially with 100000000 steps is: 0.317721
Pi is 3.1415926536
Time to calculate Pi in // with 100000000 steps is: 7.07015
Pi is 3.1415926536
Time to calculate Pi in // with 100000000 guesses is: 0.671378
Pi is 3.1415678800
The first 10 digits of Pi are 3.1415926535
Time to calculate Pi serially with 100000000 steps is: 0.320275
Pi is 3.1415926536
Time to calculate Pi in // with 100000000 steps is: 7.02252
Pi is 3.1415926536
Time to calculate Pi in // with 100000000 guesses is: 0.679633
Pi is 3.1415781600
The first 10 digits of Pi are 3.1415926535
Time to calculate Pi serially with 100000000 steps is: 0.314862
Pi is 3.1415926536
Time to calculate Pi in // with 100000000 steps is: 7.09409
Pi is 3.1415926536
Time to calculate Pi in // with 100000000 guesses is: 0.671207
Pi is 3.1417168400
The first 10 digits of Pi are 3.1415926535
Time to calculate Pi serially with 100000000 steps is: 0.311381
Pi is 3.1415926536
Time to calculate Pi in // with 100000000 steps is: 6.69281
Pi is 3.1415926536
Time to calculate Pi in // with 100000000 guesses is: 0.673813
Pi is 3.1415333600
The first 10 digits of Pi are 3.1415926535
Time to calculate Pi serially with 100000000 steps is: 0.310093
Pi is 3.1415926536
Time to calculate Pi in // with 100000000 steps is: 7.01993
Pi is 3.1415926536
Time to calculate Pi in // with 100000000 guesses is: 0.674088
Pi is 3.1414443200
The first 10 digits of Pi are 3.1415926535
Time to calculate Pi serially with 100000000 steps is: 0.308788
Pi is 3.1415926536
Time to calculate Pi in // with 100000000 steps is: 6.98418
Pi is 3.1415926536
Time to calculate Pi in // with 100000000 guesses is: 0.663279
Pi is 3.1416031600
The first 10 digits of Pi are 3.1415926535
Time to calculate Pi serially with 100000000 steps is: 0.30169
Pi is 3.1415926536
Time to calculate Pi in // with 100000000 steps is: 7.01481
Pi is 3.1415926536
Time to calculate Pi in // with 100000000 guesses is: 0.673018
Pi is 3.1416287600
The first 10 digits of Pi are 3.1415926535
Time to calculate Pi serially with 100000000 steps is: 0.306385
Pi is 3.1415926536
Time to calculate Pi in // with 100000000 steps is: 6.98143
Pi is 3.1415926536
Time to calculate Pi in // with 100000000 guesses is: 0.650536
Pi is 3.1416125600
The first 10 digits of Pi are 3.1415926535
Time to calculate Pi serially with 100000000 steps is: 0.306292
Pi is 3.1415926536
Time to calculate Pi in // with 100000000 steps is: 7.06507
Pi is 3.1415926536
Time to calculate Pi in // with 100000000 guesses is: 0.646143
Pi is 3.1415107600
The first 10 digits of Pi are 3.1415926535
Time to calculate Pi serially with 100000000 steps is: 0.304848
Pi is 3.1415926536
Time to calculate Pi in // with 100000000 steps is: 7.00861
Pi is 3.1415926536
Time to calculate Pi in // with 100000000 guesses is: 0.656355
Pi is 3.1416143200
The first 10 digits of Pi are 3.1415926535
Time to calculate Pi serially with 100000000 steps is: 0.303431
Pi is 3.1415926536
Time to calculate Pi in // with 100000000 steps is: 7.18687
Pi is 3.1415926536
Time to calculate Pi in // with 100000000 guesses is: 0.653365
Pi is 3.1416348000
The first 10 digits of Pi are 3.1415926535
Time to calculate Pi serially with 100000000 steps is: 0.305064
Pi is 3.1415926536
Time to calculate Pi in // with 100000000 steps is: 7.01912
Pi is 3.1415926536
Time to calculate Pi in // with 100000000 guesses is: 0.667122
Pi is 3.1416173200
The first 10 digits of Pi are 3.1415926535
Time to calculate Pi serially with 100000000 steps is: 0.305485
Pi is 3.1415926536
Time to calculate Pi in // with 100000000 steps is: 7.19453
Pi is 3.1415926536
Time to calculate Pi in // with 100000000 guesses is: 0.678746
Pi is 3.1417150000
The first 10 digits of Pi are 3.1415926535
Time to calculate Pi serially with 100000000 steps is: 0.310376
Pi is 3.1415926536
Time to calculate Pi in // with 100000000 steps is: 6.94913
Pi is 3.1415926536
Time to calculate Pi in // with 100000000 guesses is: 0.662657
Pi is 3.1414696400
The first 10 digits of Pi are 3.1415926535
Time to calculate Pi serially with 100000000 steps is: 0.310052
Pi is 3.1415926536
Time to calculate Pi in // with 100000000 steps is: 7.16511
Pi is 3.1415926536
Time to calculate Pi in // with 100000000 guesses is: 0.679255
Pi is 3.1415887600
The first 10 digits of Pi are 3.1415926535
Time to calculate Pi serially with 100000000 steps is: 0.313563
Pi is 3.1415926536
Time to calculate Pi in // with 100000000 steps is: 6.95653
Pi is 3.1415926536
Time to calculate Pi in // with 100000000 guesses is: 0.674899
Pi is 3.1413849600
The first 10 digits of Pi are 3.1415926535
Time to calculate Pi serially with 100000000 steps is: 0.312821
Pi is 3.1415926536
Time to calculate Pi in // with 100000000 steps is: 6.68581
Pi is 3.1415926536
Time to calculate Pi in // with 100000000 guesses is: 0.67951
Pi is 3.1416657200
The first 10 digits of Pi are 3.1415926535
Time to calculate Pi serially with 100000000 steps is: 0.312875
Pi is 3.1415926536
Time to calculate Pi in // with 100000000 steps is: 7.14244
Pi is 3.1415926536
Time to calculate Pi in // with 100000000 guesses is: 0.678782
Pi is 3.1415660800
The first 10 digits of Pi are 3.1415926535
Time to calculate Pi serially with 100000000 steps is: 0.314401
Pi is 3.1415926536
Time to calculate Pi in // with 100000000 steps is: 7.06657
Pi is 3.1415926536
Time to calculate Pi in // with 100000000 guesses is: 0.680616
Pi is 3.1417022800
The first 10 digits of Pi are 3.1415926535
Time to calculate Pi serially with 100000000 steps is: 0.315689
Pi is 3.1415926536
Time to calculate Pi in // with 100000000 steps is: 7.4082
Pi is 3.1415926536
Time to calculate Pi in // with 100000000 guesses is: 0.679819
Pi is 3.1414022400
END BLOCK steps=100000000
END MATRIX
