BEGIN MATRIX method=integration variant=critical threads=64 runs=20 steps_list=[100000 1000000 10000000 100000000]
BEGIN BLOCK steps=100000
The first 10 digits of Pi are 3.1415926535
Time to calculate Pi serially with 100000 steps is: 0.000513543
Pi is 3.1415926645
Time to calculate Pi in // with 100000 steps is: 0.15737
Pi is 3.1415926645
Time to calculate Pi in // with 100000 guesses is: 0.0716519
Pi is 3.1352000000
The first 10 digits of Pi are 3.1415926535
Time to calculate Pi serially with 100000 steps is: 0.000521313
Pi is 3.1415926645
Time to calculate Pi in // with 100000 steps is: 0.1537
Pi is 3.1415926645
Time to calculate Pi in // with 100000 guesses is: 0.0441384
Pi is 3.1496000000
The first 10 digits of Pi are 3.1415926535
Time to calculate Pi serially with 100000 steps is: 0.000501457
Pi is 3.1415926645
Time to calculate Pi in // with 100000 steps is: 0.148468
Pi is 3.1415926645
Time to calculate Pi in // with 100000 guesses is: 0.0781106
Pi is 3.1498400000
The first 10 digits of Pi are 3.1415926535
Time to calculate Pi serially with 100000 steps is: 0.00052688
Pi is 3.1415926645
Time to calculate Pi in // with 100000 steps is: 0.118118
Pi is 3.1415926645
Time to calculate Pi in // with 100000 guesses is: 0.0520552
Pi is 3.1390000000
The first 10 digits of Pi are 3.1415926535
Time to calculate Pi serially with 100000 steps is: 0.000513371
Pi is 3.1415926645
Time to calculate Pi in // with 100000 steps is: 0.133745
Pi is 3.1415926645
Time to calculate Pi in // with 100000 guesses is: 0.0399947
Pi is 3.1332800000
The first 10 digits of Pi are 3.1415926535
Time to calculate Pi serially with 100000 steps is: 0.000501445
Pi is 3.1415926645
Time to calculate Pi in // with 100000 steps is: 0.157566
Pi is 3.1415926645
Time to calculate Pi in // with 100000 guesses is: 0.0309969
Pi is 3.1470000000
The first 10 digits of Pi are 3.1415926535
Time to calculate Pi serially with 100000 steps is: 0.000551337
Pi is 3.1415926645
Time to calculate Pi in // with 100000 steps is: 0.132584
Pi is 3.1415926645
Time to calculate Pi in // with 100000 guesses is: 0.013501
Pi is 3.1417600000
The first 10 digits of Pi are 3.1415926535
Time to calculate Pi serially with 100000 steps is: 0.000513511
Pi is 3.1415926645
Time to calculate Pi in // with 100000 steps is: 0.176176
Pi is 3.1415926645
Time to calculate Pi in // with 100000 guesses is: 0.0330232
Pi is 3.1440000000
The first 10 digits of Pi are 3.1415926535
Time to calculate Pi serially with 100000 steps is: 0.000515836
Pi is 3.1415926645
Time to calculate Pi in // with 100000 steps is: 0.151657
Pi is 3.1415926645
Time to calculate Pi in // with 100000 guesses is: 0.0777164
Pi is 3.1340800000
The first 10 digits of Pi are 3.1415926535
Time to calculate Pi serially with 100000 steps is: 0.000514408
Pi is 3.1415926645
Time to calculate Pi in // with 100000 steps is: 0.128882
Pi is 3.1415926645
Time to calculate Pi in // with 100000 guesses is: 0.0592689
Pi is 3.1344400000
The first 10 digits of Pi are 3.1415926535
Time to calculate Pi serially with 100000 steps is: 0.000552276
Pi is 3.1415926645
Time to calculate Pi in // with 100000 steps is: 0.148978
Pi is 3.1415926645
Time to calculate Pi in // with 100000 guesses is: 0.077883
Pi is 3.1486000000
The first 10 digits of Pi are 3.1415926535
Time to calculate Pi serially with 100000 steps is: 0.000516766
Pi is 3.1415926645
Time to calculate Pi in // with 100000 steps is: 0.152785
Pi is 3.1415926645
Time to calculate Pi in // with 100000 guesses is: 0.0630307
Pi is 3.1417200000
The first 10 digits of Pi are 3.1415926535
Time to calculate Pi serially with 100000 steps is: 0.000501337
Pi is 3.1415926645
Time to calculate Pi in // with 100000 steps is: 0.174095
Pi is 3.1415926645
Time to calculate Pi in // with 100000 guesses is: 0.0455859
Pi is 3.1453600000
The first 10 digits of Pi are 3.1415926535
Time to calculate Pi serially with 100000 steps is: 0.000541219
Pi is 3.1415926645
Time to calculate Pi in // with 100000 steps is: 0.130521
Pi is 3.1415926645
Time to calculate Pi in // with 100000 guesses is: 0.0263429
Pi is 3.1453200000
The first 10 digits of Pi are 3.1415926535
Time to calculate Pi serially with 100000 steps is: 0.000560095
Pi is 3.1415926645
Time to calculate Pi in // with 100000 steps is: 0.189341
Pi is 3.1415926645
Time to calculate Pi in // with 100000 guesses is: 0.0524265
Pi is 3.1529200000
The first 10 digits of Pi are 3.1415926535
Time to calculate Pi serially with 100000 steps is: 0.000501477
Pi is 3.1415926645
Time to calculate Pi in // with 100000 steps is: 0.131809
Pi is 3.1415926645
Time to calculate Pi in // with 100000 guesses is: 0.0262321
Pi is 3.1399600000
The first 10 digits of Pi are 3.1415926535
Time to calculate Pi serially with 100000 steps is: 0.000501444
Pi is 3.1415926645
Time to calculate Pi in // with 100000 steps is: 0.136162
Pi is 3.1415926645
Time to calculate Pi in // with 100000 guesses is: 0.032919
Pi is 3.1396800000
The first 10 digits of Pi are 3.1415926535
Time to calculate Pi serially with 100000 steps is: 0.000501346
Pi is 3.1415926645
Time to calculate Pi in // with 100000 steps is: 0.153945
Pi is 3.1415926645
Time to calculate Pi in // with 100000 guesses is: 0.038621
Pi is 3.1413200000
The first 10 digits of Pi are 3.1415926535
Time to calculate Pi serially with 100000 steps is: 0.00057036
Pi is 3.1415926645
Time to calculate Pi in // with 100000 steps is: 0.185157
Pi is 3.1415926645
Time to calculate Pi in // with 100000 guesses is: 0.0635919
Pi is 3.1436000000
The first 10 digits of Pi are 3.1415926535
Time to calculate Pi serially with 100000 steps is: 0.000516291
Pi is 3.1415926645
Time to calculate Pi in // with 100000 steps is: 0.182206
Pi is 3.1415926645
Time to calculate Pi in // with 100000 guesses is: 0.0581294
Pi is 3.1456400000
END BLOCK steps=100000
BEGIN BLOCK steps=1000000
The first 10 digits of Pi are 3.1415926535
Time to calculate Pi serially with 1000000 steps is: 0.0034843
Pi is 3.1415926539
Time to calculate Pi in // with 1000000 steps is: 0.892237
Pi is 3.1415926539
Time to calculate Pi in // with 1000000 guesses is: 0.0204136
Pi is 3.1415600000
The first 10 digits of Pi are 3.1415926535
Time to calculate Pi serially with 1000000 steps is: 0.00334079
Pi is 3.1415926539
Time to calculate Pi in // with 1000000 steps is: 0.824449
Pi is 3.1415926539
Time to calculate Pi in // with 1000000 guesses is: 0.0203902
Pi is 3.1421480000
The first 10 digits of Pi are 3.1415926535
Time to calculate Pi serially with 1000000 steps is: 0.00339323
Pi is 3.1415926539
Time to calculate Pi in // with 1000000 steps is: 0.835171
Pi is 3.1415926539
Time to calculate Pi in // with 1000000 guesses is: 0.020188
Pi is 3.1412280000
The first 10 digits of Pi are 3.1415926535
Time to calculate Pi serially with 1000000 steps is: 0.00331298
Pi is 3.1415926539
Time to calculate Pi in // with 1000000 steps is: 0.893546
Pi is 3.1415926539
Time to calculate Pi in // with 1000000 guesses is: 0.0202164
Pi is 3.1404960000
The first 10 digits of Pi are 3.1415926535
Time to calculate Pi serially with 1000000 steps is: 0.00339476
Pi is 3.1415926539
Time to calculate Pi in // with 1000000 steps is: 0.684744
Pi is 3.1415926539
Time to calculate Pi in // with 1000000 guesses is: 0.0135381
Pi is 3.1401760000
The first 10 digits of Pi are 3.1415926535
Time to calculate Pi serially with 1000000 steps is: 0.0036463
Pi is 3.1415926539
Time to calculate Pi in // with 1000000 steps is: 0.876078
Pi is 3.1415926539
Time to calculate Pi in // with 1000000 guesses is: 0.0270104
Pi is 3.1425080000
The first 10 digits of Pi are 3.1415926535
Time to calculate Pi serially with 1000000 steps is: 0.00349837
Pi is 3.1415926539
Time to calculate Pi in // with 1000000 steps is: 0.857151
Pi is 3.1415926539
Time to calculate Pi in // with 1000000 guesses is: 0.0135649
Pi is 3.1413520000
The first 10 digits of Pi are 3.1415926535
Time to calculate Pi serially with 1000000 steps is: 0.00327721
Pi is 3.1415926539
Time to calculate Pi in // with 1000000 steps is: 0.846328
Pi is 3.1415926539
Time to calculate Pi in // with 1000000 guesses is: 0.0254243
Pi is 3.1402200000
The first 10 digits of Pi are 3.1415926535
Time to calculate Pi serially with 1000000 steps is: 0.00342127
Pi is 3.1415926539
Time to calculate Pi in // with 1000000 steps is: 0.932511
Pi is 3.1415926539
Time to calculate Pi in // with 1000000 guesses is: 0.0205046
Pi is 3.1403960000
The first 10 digits of Pi are 3.1415926535
Time to calculate Pi serially with 1000000 steps is: 0.0035206
Pi is 3.1415926539
Time to calculate Pi in // with 1000000 steps is: 0.907579
Pi is 3.1415926539
Time to calculate Pi in // with 1000000 guesses is: 0.0271747
Pi is 3.1398680000
The first 10 digits of Pi are 3.1415926535
Time to calculate Pi serially with 1000000 steps is: 0.00354067
Pi is 3.1415926539
Time to calculate Pi in // with 1000000 steps is: 0.857108
Pi is 3.1415926539
Time to calculate Pi in // with 1000000 guesses is: 0.0135809
Pi is 3.1417160000
The first 10 digits of Pi are 3.1415926535
Time to calculate Pi serially with 1000000 steps is: 0.00346384
Pi is 3.1415926539
Time to calculate Pi in // with 1000000 steps is: 0.854306
Pi is 3.1415926539
Time to calculate Pi in // with 1000000 guesses is: 0.0142825
Pi is 3.1431560000
The first 10 digits of Pi are 3.1415926535
Time to calculate Pi serially with 1000000 steps is: 0.00330906
Pi is 3.1415926539
Time to calculate Pi in // with 1000000 steps is: 0.813534
Pi is 3.1415926539
Time to calculate Pi in // with 1000000 guesses is: 0.0206021
Pi is 3.1440320000
The first 10 digits of Pi are 3.1415926535
Time to calculate Pi serially with 1000000 steps is: 0.00311161
Pi is 3.1415926539
Time to calculate Pi in // with 1000000 steps is: 0.859035
Pi is 3.1415926539
Time to calculate Pi in // with 1000000 guesses is: 0.0144185
Pi is 3.1417680000
The first 10 digits of Pi are 3.1415926535
Time to calculate Pi serially with 1000000 steps is: 0.00312024
Pi is 3.1415926539
Time to calculate Pi in // with 1000000 steps is: 0.962959
Pi is 3.1415926539
Time to calculate Pi in // with 1000000 guesses is: 0.0206586
Pi is 3.1422720000
The first 10 digits of Pi are 3.1415926535
Time to calculate Pi serially with 1000000 steps is: 0.00366207
Pi is 3.1415926539
Time to calculate Pi in // with 1000000 steps is: 0.868273
Pi is 3.1415926539
Time to calculate Pi in // with 1000000 guesses is: 0.020267
Pi is 3.1431600000
The first 10 digits of Pi are 3.1415926535
Time to calculate Pi serially with 1000000 steps is: 0.00365684
Pi is 3.1415926539
Time to calculate Pi in // with 1000000 steps is: 0.90766
Pi is 3.1415926539
Time to calculate Pi in // with 1000000 guesses is: 0.0202724
Pi is 3.1423320000
The first 10 digits of Pi are 3.1415926535
Time to calculate Pi serially with 1000000 steps is: 0.00312497
Pi is 3.1415926539
Time to calculate Pi in // with 1000000 steps is: 0.912922
Pi is 3.1415926539
Time to calculate Pi in // with 1000000 guesses is: 0.0203589
Pi is 3.1396960000
The first 10 digits of Pi are 3.1415926535
Time to calculate Pi serially with 1000000 steps is: 0.00313221
Pi is 3.1415926539
Time to calculate Pi in // with 1000000 steps is: 0.845495
Pi is 3.1415926539
Time to calculate Pi in // with 1000000 guesses is: 0.0203029
Pi is 3.1416720000
The first 10 digits of Pi are 3.1415926535
Time to calculate Pi serially with 1000000 steps is: 0.00354731
Pi is 3.1415926539
Time to calculate Pi in // with 1000000 steps is: 0.822897
Pi is 3.1415926539
Time to calculate Pi in // with 1000000 guesses is: 0.0271897
Pi is 3.1447360000
END BLOCK steps=1000000
BEGIN BLOCK steps=10000000
The first 10 digits of Pi are 3.1415926535
Time to calculate Pi serially with 10000000 steps is: 0.0294732
Pi is 3.1415926536
Time to calculate Pi in // with 10000000 steps is: 6.84953
Pi is 3.1415926536
Time to calculate Pi in // with 10000000 guesses is: 0.0455674
Pi is 3.1412524000
The first 10 digits of Pi are 3.1415926535
Time to calculate Pi serially with 10000000 steps is: 0.0299554
Pi is 3.1415926536
Time to calculate Pi in // with 10000000 steps is: 6.79696
Pi is 3.1415926536
Time to calculate Pi in // with 10000000 guesses is: 0.0240811
Pi is 3.1419692000
The first 10 digits of Pi are 3.1415926535
Time to calculate Pi serially with 10000000 steps is: 0.0298588
Pi is 3.1415926536
Time to calculate Pi in // with 10000000 steps is: 7.41697
Pi is 3.1415926536
Time to calculate Pi in // with 10000000 guesses is: 0.0242564
Pi is 3.1423224000
The first 10 digits of Pi are 3.1415926535
Time to calculate Pi serially with 10000000 steps is: 0.0297342
Pi is 3.1415926536
Time to calculate Pi in // with 10000000 steps is: 7.25652
Pi is 3.1415926536
Time to calculate Pi in // with 10000000 guesses is: 0.0524374
Pi is 3.1415884000
The first 10 digits of Pi are 3.1415926535
Time to calculate Pi serially with 10000000 steps is: 0.0296664
Pi is 3.1415926536
Time to calculate Pi in // with 10000000 steps is: 7.33744
Pi is 3.1415926536
Time to calculate Pi in // with 10000000 guesses is: 0.0537869
Pi is 3.1411480000
The first 10 digits of Pi are 3.1415926535
Time to calculate Pi serially with 10000000 steps is: 0.0299204
Pi is 3.1415926536
Time to calculate Pi in // with 10000000 steps is: 6.76231
Pi is 3.1415926536
Time to calculate Pi in // with 10000000 guesses is: 0.03275
Pi is 3.1421020000
The first 10 digits of Pi are 3.1415926535
Time to calculate Pi serially with 10000000 steps is: 0.0300415
Pi is 3.1415926536
Time to calculate Pi in // with 10000000 steps is: 7.18188
Pi is 3.1415926536
Time to calculate Pi in // with 10000000 guesses is: 0.0389777
Pi is 3.1403720000
The first 10 digits of Pi are 3.1415926535
Time to calculate Pi serially with 10000000 steps is: 0.0297993
Pi is 3.1415926536
Time to calculate Pi in // with 10000000 steps is: 7.28352
Pi is 3.1415926536
Time to calculate Pi in // with 10000000 guesses is: 0.0460082
Pi is 3.1407648000
The first 10 digits of Pi are 3.1415926535
Time to calculate Pi serially with 10000000 steps is: 0.0298279
Pi is 3.1415926536
Time to calculate Pi in // with 10000000 steps is: 7.01717
Pi is 3.1415926536
Time to calculate Pi in // with 10000000 guesses is: 0.0241118
Pi is 3.1418216000
The first 10 digits of Pi are 3.1415926535
Time to calculate Pi serially with 10000000 steps is: 0.0297926
Pi is 3.1415926536
Time to calculate Pi in // with 10000000 steps is: 7.24595
Pi is 3.1415926536
Time to calculate Pi in // with 10000000 guesses is: 0.0242344
Pi is 3.1411296000
The first 10 digits of Pi are 3.1415926535
Time to calculate Pi serially with 10000000 steps is: 0.0298587
Pi is 3.1415926536
Time to calculate Pi in // with 10000000 steps is: 6.98518
Pi is 3.1415926536
Time to calculate Pi in // with 10000000 guesses is: 0.0244341
Pi is 3.1424040000
The first 10 digits of Pi are 3.1415926535
Time to calculate Pi serially with 10000000 steps is: 0.0299802
Pi is 3.1415926536
Time to calculate Pi in // with 10000000 steps is: 7.338
Pi is 3.1415926536
Time to calculate Pi in // with 10000000 guesses is: 0.0242988
Pi is 3.1420968000
The first 10 digits of Pi are 3.1415926535
Time to calculate Pi serially with 10000000 steps is: 0.0297206
Pi is 3.1415926536
Time to calculate Pi in // with 10000000 steps is: 7.12196
Pi is 3.1415926536
Time to calculate Pi in // with 10000000 guesses is: 0.0368034
Pi is 3.1425616000
The first 10 digits of Pi are 3.1415926535
Time to calculate Pi serially with 10000000 steps is: 0.0297353
Pi is 3.1415926536
Time to calculate Pi in // with 10000000 steps is: 7.40938
Pi is 3.1415926536
Time to calculate Pi in // with 10000000 guesses is: 0.024651
Pi is 3.1419664000
The first 10 digits of Pi are 3.1415926535
Time to calculate Pi serially with 10000000 steps is: 0.0298127
Pi is 3.1415926536
Time to calculate Pi in // with 10000000 steps is: 7.62566
Pi is 3.1415926536
Time to calculate Pi in // with 10000000 guesses is: 0.0454829
Pi is 3.1416228000
The first 10 digits of Pi are 3.1415926535
Time to calculate Pi serially with 10000000 steps is: 0.0298841
Pi is 3.1415926536
Time to calculate Pi in // with 10000000 steps is: 7.26058
Pi is 3.1415926536
Time to calculate Pi in // with 10000000 guesses is: 0.0309173
Pi is 3.1416728000
The first 10 digits of Pi are 3.1415926535
Time to calculate Pi serially with 10000000 steps is: 0.0294484
Pi is 3.1415926536
Time to calculate Pi in // with 10000000 steps is: 7.38943
Pi is 3.1415926536
Time to calculate Pi in // with 10000000 guesses is: 0.0243648
Pi is 3.1403648000
The first 10 digits of Pi are 3.1415926535
Time to calculate Pi serially with 10000000 steps is: 0.0295263
Pi is 3.1415926536
Time to calculate Pi in // with 10000000 steps is: 6.71093
Pi is 3.1415926536
Time to calculate Pi in // with 10000000 guesses is: 0.0244962
Pi is 3.1410112000
The first 10 digits of Pi are 3.1415926535
Time to calculate Pi serially with 10000000 steps is: 0.029468
Pi is 3.1415926536
Time to calculate Pi in // with 10000000 steps is: 6.91904
Pi is 3.1415926536
Time to calculate Pi in // with 10000000 guesses is: 0.0241145
Pi is 3.1418204000
The first 10 digits of Pi are 3.1415926535
Time to calculate Pi serially with 10000000 steps is: 0.0299086
Pi is 3.1415926536
Time to calculate Pi in // with 10000000 steps is: 6.71204
Pi is 3.1415926536
Time to calculate Pi in // with 10000000 guesses is: 0.0476696
Pi is 3.1414008000
END BLOCK steps=10000000
BEGIN BLOCK steps=100000000
The first 10 digits of Pi are 3.1415926535
Time to calculate Pi serially with 100000000 steps is: 0.292869
Pi is 3.1415926536
Time to calculate Pi in // with 100000000 steps is: 60.849
Pi is 3.1415926536
Time to calculate Pi in // with 100000000 guesses is: 0.103439
Pi is 3.1414607600
The first 10 digits of Pi are 3.1415926535
Time to calculate Pi serially with 100000000 steps is: 0.292976
Pi is 3.1415926536
Time to calculate Pi in // with 100000000 steps is: 65.8188
Pi is 3.1415926536
Time to calculate Pi in // with 100000000 guesses is: 0.0982891
Pi is 3.1414627200
The first 10 digits of Pi are 3.1415926535
Time to calculate Pi serially with 100000000 steps is: 0.292954
Pi is 3.1415926536
Time to calculate Pi in // with 100000000 steps is: 68.5404
Pi is 3.1415926536
Time to calculate Pi in // with 100000000 guesses is: 0.109428
Pi is 3.1418894000
The first 10 digits of Pi are 3.1415926535
Time to calculate Pi serially with 100000000 steps is: 0.293016
Pi is 3.1415926536
Time to calculate Pi in // with 100000000 steps is: 64.9668
Pi is 3.1415926536
Time to calculate Pi in // with 100000000 guesses is: 0.0681353
Pi is 3.1418199600
The first 10 digits of Pi are 3.1415926535
Time to calculate Pi serially with 100000000 steps is: 0.292825
Pi is 3.1415926536
Time to calculate Pi in // with 100000000 steps is: 70.3082
Pi is 3.1415926536
Time to calculate Pi in // with 100000000 guesses is: 0.073872
Pi is 3.1417866000
The first 10 digits of Pi are 3.1415926535
Time to calculate Pi serially with 100000000 steps is: 0.293122
Pi is 3.1415926536
Time to calculate Pi in // with 100000000 steps is: 71.434
Pi is 3.1415926536
Time to calculate Pi in // with 100000000 guesses is: 0.0589478
Pi is 3.1417997600
The first 10 digits of Pi are 3.1415926535
Time to calculate Pi serially with 100000000 steps is: 0.293083
Pi is 3.1415926536
Time to calculate Pi in // with 100000000 steps is: 69.9503
Pi is 3.1415926536
Time to calculate Pi in // with 100000000 guesses is: 0.0743237
Pi is 3.1417479600
The first 10 digits of Pi are 3.1415926535
Time to calculate Pi serially with 100000000 steps is: 0.293026
Pi is 3.1415926536
Time to calculate Pi in // with 100000000 steps is: 71.6652
Pi is 3.1415926536
Time to calculate Pi in // with 100000000 guesses is: 0.0784879
Pi is 3.1416551200
The first 10 digits of Pi are 3.1415926535
Time to calculate Pi serially with 100000000 steps is: 0.292851
Pi is 3.1415926536
Time to calculate Pi in // with 100000000 steps is: 69.6518
Pi is 3.1415926536
Time to calculate Pi in // with 100000000 guesses is: 0.0963347
Pi is 3.1417420000
The first 10 digits of Pi are 3.1415926535
Time to calculate Pi serially with 100000000 steps is: 0.293023
Pi is 3.1415926536
Time to calculate Pi in // with 100000000 steps is: 71.0805
Pi is 3.1415926536
Time to calculate Pi in // with 100000000 guesses is: 0.0933404
Pi is 3.1413836000
The first 10 digits of Pi are 3.1415926535
Time to calculate Pi serially with 100000000 steps is: 0.2928
Pi is 3.1415926536
Time to calculate Pi in // with 100000000 steps is: 70.857
Pi is 3.1415926536
Time to calculate Pi in // with 100000000 guesses is: 0.0531172
Pi is 3.1418690000
The first 10 digits of Pi are 3.1415926535
Time to calculate Pi serially with 100000000 steps is: 0.292582
Pi is 3.1415926536
Time to calculate Pi in // with 100000000 steps is: 71.9281
Pi is 3.1415926536
Time to calculate Pi in // with 100000000 guesses is: 0.0665018
Pi is 3.1417282000
The first 10 digits of Pi are 3.1415926535
Time to calculate Pi serially with 100000000 steps is: 0.29272
Pi is 3.1415926536
Time to calculate Pi in // with 100000000 steps is: 71.8462
Pi is 3.1415926536
Time to calculate Pi in // with 100000000 guesses is: 0.0654593
Pi is 3.1416927200
The first 10 digits of Pi are 3.1415926535
Time to calculate Pi serially with 100000000 steps is: 0.29295
Pi is 3.1415926536
Time to calculate Pi in // with 100000000 steps is: 70.9491
Pi is 3.1415926536
Time to calculate Pi in // with 100000000 guesses is: 0.0682373
Pi is 3.1413116400
